<?xml version="1.0" encoding="UTF-8"?>
<!-- Generated by org.testng.reporters.JUnitXMLReporter -->
<testsuite ignored="0" hostname="Tilak" failures="1" tests="4" name="Test" time="103.112" errors="0" timestamp="2022-11-22T19:23:35 IST">
  <testcase classname="selenium.testscript.AlertPopup" name="alertPopup" time="10.312"/>
  <testcase classname="selenium.testscript.DropdownHandling" name="dropdownHandle" time="8.353"/>
  <testcase classname="selenium.testscript.HiddenDivison" name="hiddenDivison" time="13.529"/>
  <testcase classname="selenium.testscript.CustomerCreation" name="customerCreation" time="9.605">
    <failure type="java.lang.AssertionError" message="expected [All Customers] but found [Tilak2492]">
      <![CDATA[java.lang.AssertionError: expected [All Customers] but found [Tilak2492]
at selenium.testscript.CustomerCreation.customerCreation(CustomerCreation.java:32)
at java.base/java.util.ArrayList.forEach(ArrayList.java:1511)
... Removed 31 stack frames]]>
    </failure>
  </testcase> <!-- customerCreation -->
</testsuite> <!-- Test -->
